{"contracts/ERC20/ERC20.sol":{"l":{"54":78,"55":78,"62":1,"70":1,"87":1,"94":4,"101":15,"113":8,"114":4,"121":18,"132":28,"133":26,"154":14,"156":6,"157":6,"158":4,"162":4,"178":8,"179":6,"197":16,"198":16,"199":6,"203":6,"225":32,"226":28,"228":22,"230":22,"231":22,"232":14,"235":14,"237":14,"239":14,"252":82,"254":80,"256":80,"257":80,"258":80,"260":80,"275":10,"277":8,"279":8,"280":8,"281":6,"284":6,"286":6,"288":6,"309":58,"310":56,"312":50,"313":50},"path":"/Users/roman/projects/GertsCoin/contracts/ERC20/ERC20.sol","s":{"1":78,"2":78,"3":1,"4":1,"5":1,"6":4,"7":15,"8":8,"9":4,"10":18,"11":28,"12":26,"13":14,"14":6,"15":6,"16":4,"17":8,"18":6,"19":16,"20":16,"21":6,"22":32,"23":28,"24":22,"25":22,"26":22,"27":14,"28":14,"29":14,"30":82,"31":80,"32":80,"33":80,"34":80,"35":80,"36":10,"37":8,"38":8,"39":8,"40":6,"41":6,"42":6,"43":58,"44":56,"45":50,"46":50},"b":{"1":[4,2],"2":[6,10],"3":[28,4],"4":[22,6],"5":[14,8],"6":[80,2],"7":[8,2],"8":[6,2],"9":[56,2],"10":[50,6]},"f":{"1":78,"2":1,"3":1,"4":1,"5":4,"6":15,"7":8,"8":18,"9":28,"10":14,"11":8,"12":16,"13":32,"14":82,"15":10,"16":58,"17":110,"18":100},"fnMap":{"1":{"name":"constructor","line":53,"loc":{"start":{"line":53,"column":4},"end":{"line":56,"column":4}}},"2":{"name":"name","line":61,"loc":{"start":{"line":61,"column":4},"end":{"line":63,"column":4}}},"3":{"name":"symbol","line":69,"loc":{"start":{"line":69,"column":4},"end":{"line":71,"column":4}}},"4":{"name":"decimals","line":86,"loc":{"start":{"line":86,"column":4},"end":{"line":88,"column":4}}},"5":{"name":"totalSupply","line":93,"loc":{"start":{"line":93,"column":4},"end":{"line":95,"column":4}}},"6":{"name":"balanceOf","line":100,"loc":{"start":{"line":100,"column":4},"end":{"line":102,"column":4}}},"7":{"name":"transfer","line":112,"loc":{"start":{"line":112,"column":4},"end":{"line":115,"column":4}}},"8":{"name":"allowance","line":120,"loc":{"start":{"line":120,"column":4},"end":{"line":122,"column":4}}},"9":{"name":"approve","line":131,"loc":{"start":{"line":131,"column":4},"end":{"line":134,"column":4}}},"10":{"name":"transferFrom","line":149,"loc":{"start":{"line":149,"column":4},"end":{"line":163,"column":4}}},"11":{"name":"increaseAllowance","line":177,"loc":{"start":{"line":177,"column":4},"end":{"line":180,"column":4}}},"12":{"name":"decreaseAllowance","line":196,"loc":{"start":{"line":196,"column":4},"end":{"line":204,"column":4}}},"13":{"name":"_transfer","line":220,"loc":{"start":{"line":220,"column":4},"end":{"line":240,"column":4}}},"14":{"name":"_mint","line":251,"loc":{"start":{"line":251,"column":4},"end":{"line":261,"column":4}}},"15":{"name":"_burn","line":274,"loc":{"start":{"line":274,"column":4},"end":{"line":289,"column":4}}},"16":{"name":"_approve","line":304,"loc":{"start":{"line":304,"column":4},"end":{"line":314,"column":4}}},"17":{"name":"_beforeTokenTransfer","line":330,"loc":{"start":{"line":330,"column":4},"end":{"line":334,"column":24}}},"18":{"name":"_afterTokenTransfer","line":350,"loc":{"start":{"line":350,"column":4},"end":{"line":354,"column":24}}}},"statementMap":{"1":{"start":{"line":54,"column":8},"end":{"line":54,"column":20}},"2":{"start":{"line":55,"column":8},"end":{"line":55,"column":24}},"3":{"start":{"line":62,"column":8},"end":{"line":62,"column":20}},"4":{"start":{"line":70,"column":8},"end":{"line":70,"column":22}},"5":{"start":{"line":87,"column":8},"end":{"line":87,"column":17}},"6":{"start":{"line":94,"column":8},"end":{"line":94,"column":27}},"7":{"start":{"line":101,"column":8},"end":{"line":101,"column":33}},"8":{"start":{"line":113,"column":8},"end":{"line":113,"column":49}},"9":{"start":{"line":114,"column":8},"end":{"line":114,"column":19}},"10":{"start":{"line":121,"column":8},"end":{"line":121,"column":42}},"11":{"start":{"line":132,"column":8},"end":{"line":132,"column":46}},"12":{"start":{"line":133,"column":8},"end":{"line":133,"column":19}},"13":{"start":{"line":154,"column":8},"end":{"line":154,"column":43}},"14":{"start":{"line":156,"column":8},"end":{"line":156,"column":68}},"15":{"start":{"line":157,"column":8},"end":{"line":157,"column":86}},"16":{"start":{"line":162,"column":8},"end":{"line":162,"column":19}},"17":{"start":{"line":178,"column":8},"end":{"line":178,"column":87}},"18":{"start":{"line":179,"column":8},"end":{"line":179,"column":19}},"19":{"start":{"line":197,"column":8},"end":{"line":197,"column":69}},"20":{"start":{"line":198,"column":8},"end":{"line":198,"column":92}},"21":{"start":{"line":203,"column":8},"end":{"line":203,"column":19}},"22":{"start":{"line":225,"column":8},"end":{"line":225,"column":77}},"23":{"start":{"line":226,"column":8},"end":{"line":226,"column":78}},"24":{"start":{"line":228,"column":8},"end":{"line":228,"column":54}},"25":{"start":{"line":230,"column":8},"end":{"line":230,"column":49}},"26":{"start":{"line":231,"column":8},"end":{"line":231,"column":81}},"27":{"start":{"line":235,"column":8},"end":{"line":235,"column":37}},"28":{"start":{"line":237,"column":8},"end":{"line":237,"column":48}},"29":{"start":{"line":239,"column":8},"end":{"line":239,"column":53}},"30":{"start":{"line":252,"column":8},"end":{"line":252,"column":72}},"31":{"start":{"line":254,"column":8},"end":{"line":254,"column":56}},"32":{"start":{"line":256,"column":8},"end":{"line":256,"column":29}},"33":{"start":{"line":257,"column":8},"end":{"line":257,"column":35}},"34":{"start":{"line":258,"column":8},"end":{"line":258,"column":50}},"35":{"start":{"line":260,"column":8},"end":{"line":260,"column":55}},"36":{"start":{"line":275,"column":8},"end":{"line":275,"column":74}},"37":{"start":{"line":277,"column":8},"end":{"line":277,"column":56}},"38":{"start":{"line":279,"column":8},"end":{"line":279,"column":51}},"39":{"start":{"line":280,"column":8},"end":{"line":280,"column":78}},"40":{"start":{"line":284,"column":8},"end":{"line":284,"column":29}},"41":{"start":{"line":286,"column":8},"end":{"line":286,"column":50}},"42":{"start":{"line":288,"column":8},"end":{"line":288,"column":55}},"43":{"start":{"line":309,"column":8},"end":{"line":309,"column":75}},"44":{"start":{"line":310,"column":8},"end":{"line":310,"column":75}},"45":{"start":{"line":312,"column":8},"end":{"line":312,"column":43}},"46":{"start":{"line":313,"column":8},"end":{"line":313,"column":45}}},"branchMap":{"1":{"line":157,"type":"if","locations":[{"start":{"line":157,"column":8},"end":{"line":157,"column":8}},{"start":{"line":157,"column":8},"end":{"line":157,"column":8}}]},"2":{"line":198,"type":"if","locations":[{"start":{"line":198,"column":8},"end":{"line":198,"column":8}},{"start":{"line":198,"column":8},"end":{"line":198,"column":8}}]},"3":{"line":225,"type":"if","locations":[{"start":{"line":225,"column":8},"end":{"line":225,"column":8}},{"start":{"line":225,"column":8},"end":{"line":225,"column":8}}]},"4":{"line":226,"type":"if","locations":[{"start":{"line":226,"column":8},"end":{"line":226,"column":8}},{"start":{"line":226,"column":8},"end":{"line":226,"column":8}}]},"5":{"line":231,"type":"if","locations":[{"start":{"line":231,"column":8},"end":{"line":231,"column":8}},{"start":{"line":231,"column":8},"end":{"line":231,"column":8}}]},"6":{"line":252,"type":"if","locations":[{"start":{"line":252,"column":8},"end":{"line":252,"column":8}},{"start":{"line":252,"column":8},"end":{"line":252,"column":8}}]},"7":{"line":275,"type":"if","locations":[{"start":{"line":275,"column":8},"end":{"line":275,"column":8}},{"start":{"line":275,"column":8},"end":{"line":275,"column":8}}]},"8":{"line":280,"type":"if","locations":[{"start":{"line":280,"column":8},"end":{"line":280,"column":8}},{"start":{"line":280,"column":8},"end":{"line":280,"column":8}}]},"9":{"line":309,"type":"if","locations":[{"start":{"line":309,"column":8},"end":{"line":309,"column":8}},{"start":{"line":309,"column":8},"end":{"line":309,"column":8}}]},"10":{"line":310,"type":"if","locations":[{"start":{"line":310,"column":8},"end":{"line":310,"column":8}},{"start":{"line":310,"column":8},"end":{"line":310,"column":8}}]}}},"contracts/ERC20/extensions/IERC20Metadata.sol":{"l":{},"path":"/Users/roman/projects/GertsCoin/contracts/ERC20/extensions/IERC20Metadata.sol","s":{},"b":{},"f":{},"fnMap":{},"statementMap":{},"branchMap":{}},"contracts/ERC20/IERC20.sol":{"l":{},"path":"/Users/roman/projects/GertsCoin/contracts/ERC20/IERC20.sol","s":{},"b":{},"f":{},"fnMap":{},"statementMap":{},"branchMap":{}},"contracts/GertsCoin.sol":{"l":{"8":3},"path":"/Users/roman/projects/GertsCoin/contracts/GertsCoin.sol","s":{"1":3},"b":{},"f":{"1":3},"fnMap":{"1":{"name":"constructor","line":7,"loc":{"start":{"line":7,"column":4},"end":{"line":9,"column":4}}}},"statementMap":{"1":{"start":{"line":8,"column":8},"end":{"line":8,"column":50}}},"branchMap":{}},"contracts/mocks/ERC20DecimalsMock.sol":{"l":{"15":1,"19":1},"path":"/Users/roman/projects/GertsCoin/contracts/mocks/ERC20DecimalsMock.sol","s":{"1":1,"2":1},"b":{},"f":{"1":1,"2":1},"fnMap":{"1":{"name":"constructor","line":14,"loc":{"start":{"line":10,"column":4},"end":{"line":16,"column":4}}},"2":{"name":"decimals","line":18,"loc":{"start":{"line":18,"column":4},"end":{"line":20,"column":4}}}},"statementMap":{"1":{"start":{"line":15,"column":8},"end":{"line":15,"column":28}},"2":{"start":{"line":19,"column":8},"end":{"line":19,"column":24}}},"branchMap":{}},"contracts/mocks/ERC20Mock.sol":{"l":{"15":74,"19":5,"23":10,"31":10,"39":12},"path":"/Users/roman/projects/GertsCoin/contracts/mocks/ERC20Mock.sol","s":{"1":74,"2":5,"3":10,"4":10,"5":12},"b":{},"f":{"1":74,"2":5,"3":10,"4":10,"5":12},"fnMap":{"1":{"name":"constructor","line":14,"loc":{"start":{"line":9,"column":4},"end":{"line":16,"column":4}}},"2":{"name":"mint","line":18,"loc":{"start":{"line":18,"column":4},"end":{"line":20,"column":4}}},"3":{"name":"burn","line":22,"loc":{"start":{"line":22,"column":4},"end":{"line":24,"column":4}}},"4":{"name":"transferInternal","line":26,"loc":{"start":{"line":26,"column":4},"end":{"line":32,"column":4}}},"5":{"name":"approveInternal","line":34,"loc":{"start":{"line":34,"column":4},"end":{"line":40,"column":4}}}},"statementMap":{"1":{"start":{"line":15,"column":8},"end":{"line":15,"column":44}},"2":{"start":{"line":19,"column":8},"end":{"line":19,"column":29}},"3":{"start":{"line":23,"column":8},"end":{"line":23,"column":29}},"4":{"start":{"line":31,"column":8},"end":{"line":31,"column":33}},"5":{"start":{"line":39,"column":8},"end":{"line":39,"column":38}}},"branchMap":{}}}