TN:
SF:/Users/roman/projects/GertsCoin/contracts/ERC20/ERC20.sol
FN:53,constructor
FN:61,name
FN:69,symbol
FN:86,decimals
FN:93,totalSupply
FN:100,balanceOf
FN:112,transfer
FN:120,allowance
FN:131,approve
FN:149,transferFrom
FN:177,increaseAllowance
FN:196,decreaseAllowance
FN:220,_transfer
FN:251,_mint
FN:274,_burn
FN:304,_approve
FN:330,_beforeTokenTransfer
FN:350,_afterTokenTransfer
FNF:18
FNH:18
FNDA:78,constructor
FNDA:1,name
FNDA:1,symbol
FNDA:1,decimals
FNDA:4,totalSupply
FNDA:15,balanceOf
FNDA:8,transfer
FNDA:18,allowance
FNDA:28,approve
FNDA:14,transferFrom
FNDA:8,increaseAllowance
FNDA:16,decreaseAllowance
FNDA:32,_transfer
FNDA:82,_mint
FNDA:10,_burn
FNDA:58,_approve
FNDA:110,_beforeTokenTransfer
FNDA:100,_afterTokenTransfer
DA:54,78
DA:55,78
DA:62,1
DA:70,1
DA:87,1
DA:94,4
DA:101,15
DA:113,8
DA:114,4
DA:121,18
DA:132,28
DA:133,26
DA:154,14
DA:156,6
DA:157,6
DA:158,4
DA:162,4
DA:178,8
DA:179,6
DA:197,16
DA:198,16
DA:199,6
DA:203,6
DA:225,32
DA:226,28
DA:228,22
DA:230,22
DA:231,22
DA:232,14
DA:235,14
DA:237,14
DA:239,14
DA:252,82
DA:254,80
DA:256,80
DA:257,80
DA:258,80
DA:260,80
DA:275,10
DA:277,8
DA:279,8
DA:280,8
DA:281,6
DA:284,6
DA:286,6
DA:288,6
DA:309,58
DA:310,56
DA:312,50
DA:313,50
LF:50
LH:50
BRDA:157,1,0,4
BRDA:157,1,1,2
BRDA:198,2,0,6
BRDA:198,2,1,10
BRDA:225,3,0,28
BRDA:225,3,1,4
BRDA:226,4,0,22
BRDA:226,4,1,6
BRDA:231,5,0,14
BRDA:231,5,1,8
BRDA:252,6,0,80
BRDA:252,6,1,2
BRDA:275,7,0,8
BRDA:275,7,1,2
BRDA:280,8,0,6
BRDA:280,8,1,2
BRDA:309,9,0,56
BRDA:309,9,1,2
BRDA:310,10,0,50
BRDA:310,10,1,6
BRF:20
BRH:20
end_of_record
TN:
SF:/Users/roman/projects/GertsCoin/contracts/ERC20/extensions/IERC20Metadata.sol
FNF:0
FNH:0
LF:0
LH:0
BRF:0
BRH:0
end_of_record
TN:
SF:/Users/roman/projects/GertsCoin/contracts/ERC20/IERC20.sol
FNF:0
FNH:0
LF:0
LH:0
BRF:0
BRH:0
end_of_record
TN:
SF:/Users/roman/projects/GertsCoin/contracts/GertsCoin.sol
FN:7,constructor
FNF:1
FNH:1
FNDA:3,constructor
DA:8,3
LF:1
LH:1
BRF:0
BRH:0
end_of_record
TN:
SF:/Users/roman/projects/GertsCoin/contracts/mocks/ERC20DecimalsMock.sol
FN:14,constructor
FN:18,decimals
FNF:2
FNH:2
FNDA:1,constructor
FNDA:1,decimals
DA:15,1
DA:19,1
LF:2
LH:2
BRF:0
BRH:0
end_of_record
TN:
SF:/Users/roman/projects/GertsCoin/contracts/mocks/ERC20Mock.sol
FN:14,constructor
FN:18,mint
FN:22,burn
FN:26,transferInternal
FN:34,approveInternal
FNF:5
FNH:5
FNDA:74,constructor
FNDA:5,mint
FNDA:10,burn
FNDA:10,transferInternal
FNDA:12,approveInternal
DA:15,74
DA:19,5
DA:23,10
DA:31,10
DA:39,12
LF:5
LH:5
BRF:0
BRH:0
end_of_record
